0 info it worked if it ends with ok
1 verbose cli [ '/home/ubuntu/.nvm/versions/node/v6.3.1/bin/node',
1 verbose cli   '/home/ubuntu/.nvm/versions/node/v6.3.1/bin/npm',
1 verbose cli   'run',
1 verbose cli   'demo' ]
2 info using npm@3.10.3
3 info using node@v6.3.1
4 verbose run-script [ 'predemo', 'demo', 'postdemo' ]
5 info lifecycle Plinth@0.0.0~predemo: Plinth@0.0.0
6 silly lifecycle Plinth@0.0.0~predemo: no script for predemo, continuing
7 info lifecycle Plinth@0.0.0~demo: Plinth@0.0.0
8 verbose lifecycle Plinth@0.0.0~demo: unsafe-perm in lifecycle true
9 verbose lifecycle Plinth@0.0.0~demo: PATH: /home/ubuntu/.nvm/versions/node/v6.3.1/lib/node_modules/npm/bin/node-gyp-bin:/home/ubuntu/workspace/node_modules/.bin:/home/ubuntu/.nvm/versions/node/v6.3.1/bin:/home/ubuntu/.nvm/versions/node/v6.3.1/bin:/usr/local/rvm/gems/ruby-2.3.0/bin:/usr/local/rvm/gems/ruby-2.3.0@global/bin:/usr/local/rvm/rubies/ruby-2.3.0/bin:/mnt/shared/bin:/home/ubuntu/workspace/node_modules/.bin:/home/ubuntu/bin:/usr/local/sbin:/usr/local/bin:/usr/sbin:/usr/bin:/sbin:/bin:/mnt/shared/sbin:/opt/gitl:/opt/go/bin:/mnt/shared/c9/app.nw/bin:/usr/local/rvm/bin
10 verbose lifecycle Plinth@0.0.0~demo: CWD: /home/ubuntu/workspace
11 silly lifecycle Plinth@0.0.0~demo: Args: [ '-c', 'node demoHost/demoHost' ]
12 silly lifecycle Plinth@0.0.0~demo: Returned: code: 1  signal: null
13 info lifecycle Plinth@0.0.0~demo: Failed to exec demo script
14 verbose stack Error: Plinth@0.0.0 demo: `node demoHost/demoHost`
14 verbose stack Exit status 1
14 verbose stack     at EventEmitter.<anonymous> (/home/ubuntu/.nvm/versions/node/v6.3.1/lib/node_modules/npm/lib/utils/lifecycle.js:242:16)
14 verbose stack     at emitTwo (events.js:106:13)
14 verbose stack     at EventEmitter.emit (events.js:191:7)
14 verbose stack     at ChildProcess.<anonymous> (/home/ubuntu/.nvm/versions/node/v6.3.1/lib/node_modules/npm/lib/utils/spawn.js:40:14)
14 verbose stack     at emitTwo (events.js:106:13)
14 verbose stack     at ChildProcess.emit (events.js:191:7)
14 verbose stack     at maybeClose (internal/child_process.js:852:16)
14 verbose stack     at Process.ChildProcess._handle.onexit (internal/child_process.js:215:5)
15 verbose pkgid Plinth@0.0.0
16 verbose cwd /home/ubuntu/workspace
17 error Linux 4.2.0-c9
18 error argv "/home/ubuntu/.nvm/versions/node/v6.3.1/bin/node" "/home/ubuntu/.nvm/versions/node/v6.3.1/bin/npm" "run" "demo"
19 error node v6.3.1
20 error npm  v3.10.3
21 error code ELIFECYCLE
22 error Plinth@0.0.0 demo: `node demoHost/demoHost`
22 error Exit status 1
23 error Failed at the Plinth@0.0.0 demo script 'node demoHost/demoHost'.
23 error Make sure you have the latest version of node.js and npm installed.
23 error If you do, this is most likely a problem with the Plinth package,
23 error not with npm itself.
23 error Tell the author that this fails on your system:
23 error     node demoHost/demoHost
23 error You can get information on how to open an issue for this project with:
23 error     npm bugs Plinth
23 error Or if that isn't available, you can get their info via:
23 error     npm owner ls Plinth
23 error There is likely additional logging output above.
24 verbose exit [ 1, true ]
